2022-08-15 14:18:08:188 - [35mhttp[39m: [35mPOST /api/api/movie 404 153 - 5.763 ms[39m
[35m[39m
2022-08-15 14:18:42:1842 - [35mhttp[39m: [35mPOST /api/api/movie 404 153 - 0.887 ms[39m
[35m[39m
2022-08-15 14:18:49:1849 - [35mhttp[39m: [35mGET /api/api/movie 404 152 - 0.860 ms[39m
[35m[39m
2022-08-15 14:18:59:1859 - [35mhttp[39m: [35mPOST /api/api/movie 404 153 - 0.819 ms[39m
[35m[39m
2022-08-15 14:19:47:1947 - [35mhttp[39m: [35mPOST /api/api/movie 404 153 - 0.593 ms[39m
[35m[39m
2022-08-15 14:21:04:214 - [35mhttp[39m: [35mPOST /api/api/movie 404 153 - 0.806 ms[39m
[35m[39m
2022-08-15 14:21:22:2122 - [35mhttp[39m: [35mPOST /api/Test 404 148 - 0.943 ms[39m
[35m[39m
2022-08-15 14:21:36:2136 - [35mhttp[39m: [35mPOST /api/api/movie 404 153 - 1.865 ms[39m
[35m[39m
2022-08-15 14:24:52:2452 - [35mhttp[39m: [35mPOST /api/Test 404 148 - 1.162 ms[39m
[35m[39m
2022-08-15 14:32:50:3250 - [35mhttp[39m: [35mPOST /api/movie 422 296 - 14.181 ms[39m
[35m[39m
2022-08-15 14:33:01:331 - [35mhttp[39m: [35mPOST /api/movie 422 296 - 3.016 ms[39m
[35m[39m
2022-08-15 14:33:49:3349 - [35mhttp[39m: [35mPOST /api/movie 422 296 - 2.514 ms[39m
[35m[39m
2022-08-15 14:47:13:4713 - [32minfo[39m: [32mDB Connected[39m
2022-08-15 14:47:13:4713 - [32minfo[39m: [32mApp rodando na porta: 3000[39m
2022-08-15 14:47:54:4754 - [35mhttp[39m: [35mPOST /api/movie 422 296 - 39.012 ms[39m
[35m[39m
2022-08-15 14:56:56:5656 - [35mhttp[39m: [35mPOST /api/movie 422 296 - 3.759 ms[39m
[35m[39m
2022-08-15 14:58:22:5822 - [35mhttp[39m: [35mGET /api/movie 200 2 - 26.075 ms[39m
[35m[39m
2022-08-15 14:59:11:5911 - [35mhttp[39m: [35mPOST /api/movie 422 296 - 2.189 ms[39m
[35m[39m
2022-08-15 15:00:07:07 - [35mhttp[39m: [35mPOST /api/movie 422 296 - 2.672 ms[39m
[35m[39m
2022-08-15 15:02:50:250 - [35mhttp[39m: [35mPOST /api/movie 422 296 - 1.835 ms[39m
[35m[39m
2022-08-15 15:03:05:35 - [35mhttp[39m: [35mPOST /api/movie 422 296 - 1.965 ms[39m
[35m[39m
2022-08-15 15:03:11:311 - [35mhttp[39m: [35mGET /api/movie 200 2 - 12.659 ms[39m
[35m[39m
2022-08-15 15:03:25:325 - [35mhttp[39m: [35mPOST /api/movie 422 296 - 1.538 ms[39m
[35m[39m
2022-08-15 15:04:14:414 - [35mhttp[39m: [35mPOST /api/movie 422 296 - 1.445 ms[39m
[35m[39m
2022-08-15 15:05:55:555 - [35mhttp[39m: [35mPOST /api/movie 422 296 - 1.009 ms[39m
[35m[39m
2022-08-15 15:06:02:62 - [35mhttp[39m: [35mPOST /api/movie 422 296 - 1.065 ms[39m
[35m[39m
2022-08-15 15:08:05:85 - [35mhttp[39m: [35mPOST /api/movie 422 55 - 2.914 ms[39m
[35m[39m
2022-08-15 15:08:46:846 - [35mhttp[39m: [35mPOST /api/movie 201 780 - 52.195 ms[39m
[35m[39m
2022-08-15 15:12:15:1215 - [35mhttp[39m: [35mPOST /api/movie 201 780 - 28.488 ms[39m
[35m[39m
2022-08-15 15:14:38:1438 - [35mhttp[39m: [35mPOST /api/movie 201 1135 - 28.030 ms[39m
[35m[39m
